[0903/141138:ERROR:process_info.cc(608)] range at 0xff838000, size 0x230 fully unreadable
[0903/141138:ERROR:process_reader_win.cc(232)] ReadMemory at 0xe3d6f0 of 72 bytes failed: 仅完成部分的 ReadProcessMemory 或 WriteProcessMemory 请求。 (0x12B)
[0903/141138:ERROR:process_reader_win.cc(232)] ReadMemory at 0xe342f0 of 72 bytes failed: 仅完成部分的 ReadProcessMemory 或 WriteProcessMemory 请求。 (0x12B)
[0903/141138:ERROR:process_reader_win.cc(232)] ReadMemory at 0xe34210 of 72 bytes failed: 仅完成部分的 ReadProcessMemory 或 WriteProcessMemory 请求。 (0x12B)
[0903/141138:ERROR:process_reader_win.cc(232)] ReadMemory at 0xe31428 of 784 bytes failed: 仅完成部分的 ReadProcessMemory 或 WriteProcessMemory 请求。 (0x12B)
[0903/141138:ERROR:process_snapshot_win.cc(380)] ReadMemory RTL_USER_PROCESS_PARAMETERS
[0903/141138:ERROR:process_reader_win.cc(232)] ReadMemory at 0x1e0000 of 64 bytes failed: 仅完成部分的 ReadProcessMemory 或 WriteProcessMemory 请求。 (0x12B)
[0903/141138:WARNING:pe_image_reader.cc(280)] could not read dos header from C:\Program Files (x86)\Google\Chrome\Application\chrome.exe
[0903/141138:ERROR:process_reader_win.cc(232)] ReadMemory at 0x77980000 of 64 bytes failed: 仅完成部分的 ReadProcessMemory 或 WriteProcessMemory 请求。 (0x12B)
[0903/141138:WARNING:pe_image_reader.cc(280)] could not read dos header from C:\windows\SYSTEM32\ntdll.dll
[0903/141138:ERROR:process_reader_win.cc(232)] ReadMemory at 0x77800000 of 64 bytes failed: 仅完成部分的 ReadProcessMemory 或 WriteProcessMemory 请求。 (0x12B)
[0903/141138:WARNING:pe_image_reader.cc(280)] could not read dos header from C:\windows\SYSTEM32\KERNELBASE.dll
[0903/141138:ERROR:process_reader_win.cc(232)] ReadMemory at 0x75cc0000 of 64 bytes failed: 仅完成部分的 ReadProcessMemory 或 WriteProcessMemory 请求。 (0x12B)
[0903/141138:WARNING:pe_image_reader.cc(280)] could not read dos header from C:\windows\SYSTEM32\KERNEL32.DLL
[0903/141138:ERROR:process_reader_win.cc(232)] ReadMemory at 0x6da80000 of 64 bytes failed: 仅完成部分的 ReadProcessMemory 或 WriteProcessMemory 请求。 (0x12B)
[0903/141138:WARNING:pe_image_reader.cc(280)] could not read dos header from C:\windows\system32\apphelp.dll
[0903/141138:ERROR:process_reader_win.cc(232)] ReadMemory at 0x74ef0000 of 64 bytes failed: 仅完成部分的 ReadProcessMemory 或 WriteProcessMemory 请求。 (0x12B)
[0903/141138:WARNING:pe_image_reader.cc(280)] could not read dos header from C:\windows\SYSTEM32\msvcrt.dll
[0903/141138:ERROR:process_reader_win.cc(232)] ReadMemory at 0x74a20000 of 64 bytes failed: 仅完成部分的 ReadProcessMemory 或 WriteProcessMemory 请求。 (0x12B)
[0903/141138:WARNING:pe_image_reader.cc(280)] could not read dos header from C:\windows\SYSTEM32\bcryptPrimitives.dll
[0903/141138:ERROR:process_reader_win.cc(232)] ReadMemory at 0x74a80000 of 64 bytes failed: 仅完成部分的 ReadProcessMemory 或 WriteProcessMemory 请求。 (0x12B)
[0903/141138:WARNING:pe_image_reader.cc(280)] could not read dos header from C:\windows\SYSTEM32\CRYPTBASE.dll
[0903/141138:ERROR:process_reader_win.cc(232)] ReadMemory at 0x74a90000 of 64 bytes failed: 仅完成部分的 ReadProcessMemory 或 WriteProcessMemory 请求。 (0x12B)
[0903/141138:WARNING:pe_image_reader.cc(280)] could not read dos header from C:\windows\SYSTEM32\SspiCli.dll
[0903/141138:ERROR:process_reader_win.cc(232)] ReadMemory at 0x75e50000 of 64 bytes failed: 仅完成部分的 ReadProcessMemory 或 WriteProcessMemory 请求。 (0x12B)
[0903/141138:WARNING:pe_image_reader.cc(280)] could not read dos header from C:\windows\SYSTEM32\RPCRT4.dll
[0903/141138:ERROR:process_reader_win.cc(232)] ReadMemory at 0x75f00000 of 64 bytes failed: 仅完成部分的 ReadProcessMemory 或 WriteProcessMemory 请求。 (0x12B)
[0903/141138:WARNING:pe_image_reader.cc(280)] could not read dos header from C:\windows\SYSTEM32\sechost.dll
[0903/141138:ERROR:process_reader_win.cc(232)] ReadMemory at 0x75980000 of 64 bytes failed: 仅完成部分的 ReadProcessMemory 或 WriteProcessMemory 请求。 (0x12B)
[0903/141138:WARNING:pe_image_reader.cc(280)] could not read dos header from C:\windows\SYSTEM32\ADVAPI32.dll
[0903/141138:ERROR:process_reader_win.cc(232)] ReadMemory at 0x6e280000 of 64 bytes failed: 仅完成部分的 ReadProcessMemory 或 WriteProcessMemory 请求。 (0x12B)
[0903/141138:WARNING:pe_image_reader.cc(280)] could not read dos header from C:\Program Files (x86)\Google\Chrome\Application\51.0.2704.106\chrome_elf.dll
[0903/141138:ERROR:process_reader_win.cc(232)] ReadMemory at 0x748c0000 of 64 bytes failed: 仅完成部分的 ReadProcessMemory 或 WriteProcessMemory 请求。 (0x12B)
[0903/141138:WARNING:pe_image_reader.cc(280)] could not read dos header from C:\windows\SYSTEM32\VERSION.dll
[0903/141138:ERROR:process_reader_win.cc(232)] ReadMemory at 0x77680000 of 64 bytes failed: 仅完成部分的 ReadProcessMemory 或 WriteProcessMemory 请求。 (0x12B)
[0903/141138:WARNING:pe_image_reader.cc(280)] could not read dos header from C:\windows\SYSTEM32\cfgmgr32.dll
[0903/141138:ERROR:process_reader_win.cc(232)] ReadMemory at 0x741c0000 of 64 bytes failed: 仅完成部分的 ReadProcessMemory 或 WriteProcessMemory 请求。 (0x12B)
[0903/141138:WARNING:pe_image_reader.cc(280)] could not read dos header from C:\windows\SYSTEM32\DEVOBJ.dll
[0903/141138:ERROR:process_reader_win.cc(232)] ReadMemory at 0x741f0000 of 64 bytes failed: 仅完成部分的 ReadProcessMemory 或 WriteProcessMemory 请求。 (0x12B)
[0903/141138:WARNING:pe_image_reader.cc(280)] could not read dos header from C:\windows\SYSTEM32\WINMMBASE.dll
[0903/141138:ERROR:process_reader_win.cc(232)] ReadMemory at 0x760e0000 of 64 bytes failed: 仅完成部分的 ReadProcessMemory 或 WriteProcessMemory 请求。 (0x12B)
[0903/141138:WARNING:pe_image_reader.cc(280)] could not read dos header from C:\windows\SYSTEM32\GDI32.dll
[0903/141138:ERROR:process_reader_win.cc(232)] ReadMemory at 0x776c0000 of 64 bytes failed: 仅完成部分的 ReadProcessMemory 或 WriteProcessMemory 请求。 (0x12B)
[0903/141138:WARNING:pe_image_reader.cc(280)] could not read dos header from C:\windows\SYSTEM32\USER32.dll
[0903/141138:ERROR:process_reader_win.cc(232)] ReadMemory at 0x75a00000 of 64 bytes failed: 仅完成部分的 ReadProcessMemory 或 WriteProcessMemory 请求。 (0x12B)
[0903/141138:WARNING:pe_image_reader.cc(280)] could not read dos header from C:\windows\SYSTEM32\MSCTF.dll
[0903/141138:ERROR:process_reader_win.cc(232)] ReadMemory at 0x753c0000 of 64 bytes failed: 仅完成部分的 ReadProcessMemory 或 WriteProcessMemory 请求。 (0x12B)
[0903/141138:WARNING:pe_image_reader.cc(280)] could not read dos header from C:\windows\SYSTEM32\IMM32.DLL
[0903/141138:ERROR:process_reader_win.cc(232)] ReadMemory at 0x74220000 of 64 bytes failed: 仅完成部分的 ReadProcessMemory 或 WriteProcessMemory 请求。 (0x12B)
[0903/141138:WARNING:pe_image_reader.cc(280)] could not read dos header from C:\windows\SYSTEM32\WINMM.dll
[0903/141138:ERROR:process_reader_win.cc(232)] ReadMemory at 0x753b0000 of 64 bytes failed: 仅完成部分的 ReadProcessMemory 或 WriteProcessMemory 请求。 (0x12B)
[0903/141138:WARNING:pe_image_reader.cc(280)] could not read dos header from C:\windows\SYSTEM32\profapi.dll
[0903/141138:ERROR:process_reader_win.cc(232)] ReadMemory at 0x74960000 of 64 bytes failed: 仅完成部分的 ReadProcessMemory 或 WriteProcessMemory 请求。 (0x12B)
[0903/141138:WARNING:pe_image_reader.cc(280)] could not read dos header from C:\windows\SYSTEM32\USERENV.dll
[0903/141138:ERROR:process_reader_win.cc(232)] ReadMemory at 0x74760000 of 64 bytes failed: 仅完成部分的 ReadProcessMemory 或 WriteProcessMemory 请求。 (0x12B)
[0903/141138:WARNING:pe_image_reader.cc(280)] could not read dos header from C:\windows\SYSTEM32\WTSAPI32.dll
[0903/141138:ERROR:process_reader_win.cc(232)] ReadMemory at 0x738e0000 of 64 bytes failed: 仅完成部分的 ReadProcessMemory 或 WriteProcessMemory 请求。 (0x12B)
[0903/141138:WARNING:pe_image_reader.cc(280)] could not read dos header from C:\windows\SYSTEM32\WINHTTP.dll
[0903/141138:ERROR:process_reader_win.cc(232)] ReadMemory at 0x751f0000 of 64 bytes failed: 仅完成部分的 ReadProcessMemory 或 WriteProcessMemory 请求。 (0x12B)
[0903/141138:WARNING:pe_image_reader.cc(280)] could not read dos header from C:\windows\SYSTEM32\combase.dll
[0903/141138:ERROR:process_reader_win.cc(232)] ReadMemory at 0x74c30000 of 64 bytes failed: 仅完成部分的 ReadProcessMemory 或 WriteProcessMemory 请求。 (0x12B)
[0903/141138:WARNING:pe_image_reader.cc(280)] could not read dos header from C:\windows\SYSTEM32\shlwapi.dll
[0903/141138:ERROR:process_reader_win.cc(232)] ReadMemory at 0x74b10000 of 64 bytes failed: 仅完成部分的 ReadProcessMemory 或 WriteProcessMemory 请求。 (0x12B)
[0903/141138:WARNING:pe_image_reader.cc(280)] could not read dos header from C:\windows\SYSTEM32\kernel.appcore.dll
[0903/141138:ERROR:process_reader_win.cc(232)] ReadMemory at 0x75160000 of 64 bytes failed: 仅完成部分的 ReadProcessMemory 或 WriteProcessMemory 请求。 (0x12B)
[0903/141138:WARNING:pe_image_reader.cc(280)] could not read dos header from C:\windows\SYSTEM32\shcore.dll
[0903/141138:ERROR:process_reader_win.cc(232)] ReadMemory at 0x74c80000 of 64 bytes failed: 仅完成部分的 ReadProcessMemory 或 WriteProcessMemory 请求。 (0x12B)
[0903/141138:WARNING:pe_image_reader.cc(280)] could not read dos header from C:\windows\SYSTEM32\powrprof.dll
[0903/141138:ERROR:process_reader_win.cc(232)] ReadMemory at 0x754a0000 of 64 bytes failed: 仅完成部分的 ReadProcessMemory 或 WriteProcessMemory 请求。 (0x12B)
[0903/141138:WARNING:pe_image_reader.cc(280)] could not read dos header from C:\windows\SYSTEM32\windows.storage.dll
[0903/141138:ERROR:process_reader_win.cc(232)] ReadMemory at 0x76230000 of 64 bytes failed: 仅完成部分的 ReadProcessMemory 或 WriteProcessMemory 请求。 (0x12B)
[0903/141138:WARNING:pe_image_reader.cc(280)] could not read dos header from C:\windows\SYSTEM32\SHELL32.dll
[0903/141138:ERROR:process_reader_win.cc(232)] ReadMemory at 0x74b20000 of 64 bytes failed: 仅完成部分的 ReadProcessMemory 或 WriteProcessMemory 请求。 (0x12B)
[0903/141138:WARNING:pe_image_reader.cc(280)] could not read dos header from C:\windows\SYSTEM32\ole32.dll
[0903/141138:ERROR:process_reader_win.cc(232)] ReadMemory at 0x75db0000 of 64 bytes failed: 仅完成部分的 ReadProcessMemory 或 WriteProcessMemory 请求。 (0x12B)
[0903/141138:WARNING:pe_image_reader.cc(280)] could not read dos header from C:\windows\SYSTEM32\OLEAUT32.dll
[0903/141138:ERROR:process_reader_win.cc(232)] ReadMemory at 0x75b20000 of 64 bytes failed: 仅完成部分的 ReadProcessMemory 或 WriteProcessMemory 请求。 (0x12B)
[0903/141138:WARNING:pe_image_reader.cc(280)] could not read dos header from C:\windows\SYSTEM32\PSAPI.DLL
[0903/141138:ERROR:process_reader_win.cc(232)] ReadMemory at 0x74c20000 of 64 bytes failed: 仅完成部分的 ReadProcessMemory 或 WriteProcessMemory 请求。 (0x12B)
[0903/141138:WARNING:pe_image_reader.cc(280)] could not read dos header from C:\windows\SYSTEM32\NSI.dll
[0903/141138:ERROR:process_reader_win.cc(232)] ReadMemory at 0x74ab0000 of 64 bytes failed: 仅完成部分的 ReadProcessMemory 或 WriteProcessMemory 请求。 (0x12B)
[0903/141138:WARNING:pe_image_reader.cc(280)] could not read dos header from C:\windows\SYSTEM32\WS2_32.dll
[0903/141138:ERROR:process_reader_win.cc(232)] ReadMemory at 0x74800000 of 64 bytes failed: 仅完成部分的 ReadProcessMemory 或 WriteProcessMemory 请求。 (0x12B)
[0903/141138:WARNING:pe_image_reader.cc(280)] could not read dos header from C:\windows\SYSTEM32\bcrypt.dll
[0903/141138:ERROR:process_reader_win.cc(232)] ReadMemory at 0x74840000 of 64 bytes failed: 仅完成部分的 ReadProcessMemory 或 WriteProcessMemory 请求。 (0x12B)
[0903/141138:WARNING:pe_image_reader.cc(280)] could not read dos header from C:\windows\SYSTEM32\wkscli.dll
[0903/141138:ERROR:process_reader_win.cc(232)] ReadMemory at 0x74850000 of 64 bytes failed: 仅完成部分的 ReadProcessMemory 或 WriteProcessMemory 请求。 (0x12B)
[0903/141138:WARNING:pe_image_reader.cc(280)] could not read dos header from C:\windows\SYSTEM32\srvcli.dll
[0903/141138:ERROR:process_reader_win.cc(232)] ReadMemory at 0x74830000 of 64 bytes failed: 仅完成部分的 ReadProcessMemory 或 WriteProcessMemory 请求。 (0x12B)
[0903/141138:WARNING:pe_image_reader.cc(280)] could not read dos header from C:\windows\SYSTEM32\netutils.dll
[0903/141138:ERROR:process_reader_win.cc(232)] ReadMemory at 0x748a0000 of 64 bytes failed: 仅完成部分的 ReadProcessMemory 或 WriteProcessMemory 请求。 (0x12B)
[0903/141138:WARNING:pe_image_reader.cc(280)] could not read dos header from C:\windows\SYSTEM32\NETAPI32.dll
[0903/141138:ERROR:process_reader_win.cc(232)] ReadMemory at 0x60d50000 of 64 bytes failed: 仅完成部分的 ReadProcessMemory 或 WriteProcessMemory 请求。 (0x12B)
[0903/141138:WARNING:pe_image_reader.cc(280)] could not read dos header from C:\Program Files (x86)\360\360Safe\safemon\safemon.dll
[0903/141138:ERROR:process_reader_win.cc(232)] ReadMemory at 0x6da40000 of 64 bytes failed: 仅完成部分的 ReadProcessMemory 或 WriteProcessMemory 请求。 (0x12B)
[0903/141138:WARNING:pe_image_reader.cc(280)] could not read dos header from C:\Program Files (x86)\360\360Safe\safemon\iNetSafe.dll
[0903/141138:ERROR:process_reader_win.cc(232)] ReadMemory at 0x73440000 of 64 bytes failed: 仅完成部分的 ReadProcessMemory 或 WriteProcessMemory 请求。 (0x12B)
[0903/141138:WARNING:pe_image_reader.cc(280)] could not read dos header from C:\windows\SYSTEM32\WINSPOOL.DRV
[0903/141138:ERROR:process_reader_win.cc(232)] ReadMemory at 0x71630000 of 64 bytes failed: 仅完成部分的 ReadProcessMemory 或 WriteProcessMemory 请求。 (0x12B)
[0903/141138:WARNING:pe_image_reader.cc(280)] could not read dos header from C:\windows\WinSxS\x86_microsoft.windows.common-controls_6595b64144ccf1df_6.0.10240.16384_none_3bccb1ff6bcd1849\COMCTL32.dll
[0903/141138:ERROR:process_reader_win.cc(232)] ReadMemory at 0x75fb0000 of 64 bytes failed: 仅完成部分的 ReadProcessMemory 或 WriteProcessMemory 请求。 (0x12B)
[0903/141138:WARNING:pe_image_reader.cc(280)] could not read dos header from C:\windows\SYSTEM32\COMDLG32.dll
[0903/141138:ERROR:process_reader_win.cc(232)] ReadMemory at 0x74820000 of 64 bytes failed: 仅完成部分的 ReadProcessMemory 或 WriteProcessMemory 请求。 (0x12B)
[0903/141138:WARNING:pe_image_reader.cc(280)] could not read dos header from C:\windows\SYSTEM32\WINNSI.DLL
[0903/141138:ERROR:process_reader_win.cc(232)] ReadMemory at 0x74870000 of 64 bytes failed: 仅完成部分的 ReadProcessMemory 或 WriteProcessMemory 请求。 (0x12B)
[0903/141138:WARNING:pe_image_reader.cc(280)] could not read dos header from C:\windows\SYSTEM32\IPHLPAPI.DLL
[0903/141138:ERROR:process_reader_win.cc(232)] ReadMemory at 0x70150000 of 64 bytes failed: 仅完成部分的 ReadProcessMemory 或 WriteProcessMemory 请求。 (0x12B)
[0903/141138:WARNING:pe_image_reader.cc(280)] could not read dos header from C:\windows\SYSTEM32\USP10.dll
[0903/141138:ERROR:process_reader_win.cc(232)] ReadMemory at 0x76070000 of 64 bytes failed: 仅完成部分的 ReadProcessMemory 或 WriteProcessMemory 请求。 (0x12B)
[0903/141138:WARNING:pe_image_reader.cc(280)] could not read dos header from C:\windows\SYSTEM32\MSASN1.dll
[0903/141138:ERROR:process_reader_win.cc(232)] ReadMemory at 0x74cd0000 of 64 bytes failed: 仅完成部分的 ReadProcessMemory 或 WriteProcessMemory 请求。 (0x12B)
[0903/141138:WARNING:pe_image_reader.cc(280)] could not read dos header from C:\windows\SYSTEM32\CRYPT32.dll
[0903/141138:ERROR:process_reader_win.cc(232)] ReadMemory at 0x753f0000 of 64 bytes failed: 仅完成部分的 ReadProcessMemory 或 WriteProcessMemory 请求。 (0x12B)
[0903/141138:WARNING:pe_image_reader.cc(280)] could not read dos header from C:\windows\SYSTEM32\WINTRUST.dll
[0903/141138:ERROR:process_reader_win.cc(232)] ReadMemory at 0x74170000 of 64 bytes failed: 仅完成部分的 ReadProcessMemory 或 WriteProcessMemory 请求。 (0x12B)
[0903/141138:WARNING:pe_image_reader.cc(280)] could not read dos header from C:\windows\SYSTEM32\Secur32.dll
[0903/141138:ERROR:process_reader_win.cc(232)] ReadMemory at 0x5d6f0000 of 64 bytes failed: 仅完成部分的 ReadProcessMemory 或 WriteProcessMemory 请求。 (0x12B)
[0903/141138:WARNING:pe_image_reader.cc(280)] could not read dos header from C:\Program Files (x86)\Google\Chrome\Application\51.0.2704.106\chrome_child.dll
[0903/141138:ERROR:process_reader_win.cc(232)] ReadMemory at 0x6fa80000 of 64 bytes failed: 仅完成部分的 ReadProcessMemory 或 WriteProcessMemory 请求。 (0x12B)
[0903/141138:WARNING:pe_image_reader.cc(280)] could not read dos header from C:\windows\SYSTEM32\dwrite.dll
[0903/141138:ERROR:process_reader_win.cc(232)] ReadMemory at 0x77a88b80 of 5888 bytes failed: 仅完成部分的 ReadProcessMemory 或 WriteProcessMemory 请求。 (0x12B)
[0903/141138:ERROR:process_reader_win.cc(232)] ReadMemory at 0x1e0000 of 64 bytes failed: 仅完成部分的 ReadProcessMemory 或 WriteProcessMemory 请求。 (0x12B)
[0903/141138:WARNING:pe_image_reader.cc(280)] could not read dos header from C:\Program Files (x86)\Google\Chrome\Application\chrome.exe
[0903/141138:ERROR:process_reader_win.cc(232)] ReadMemory at 0x77980000 of 64 bytes failed: 仅完成部分的 ReadProcessMemory 或 WriteProcessMemory 请求。 (0x12B)
[0903/141138:WARNING:pe_image_reader.cc(280)] could not read dos header from C:\windows\SYSTEM32\ntdll.dll
[0903/141138:ERROR:process_reader_win.cc(232)] ReadMemory at 0x77800000 of 64 bytes failed: 仅完成部分的 ReadProcessMemory 或 WriteProcessMemory 请求。 (0x12B)
[0903/141138:WARNING:pe_image_reader.cc(280)] could not read dos header from C:\windows\SYSTEM32\KERNELBASE.dll
[0903/141138:ERROR:process_reader_win.cc(232)] ReadMemory at 0x75cc0000 of 64 bytes failed: 仅完成部分的 ReadProcessMemory 或 WriteProcessMemory 请求。 (0x12B)
[0903/141138:WARNING:pe_image_reader.cc(280)] could not read dos header from C:\windows\SYSTEM32\KERNEL32.DLL
[0903/141138:ERROR:process_reader_win.cc(232)] ReadMemory at 0x6da80000 of 64 bytes failed: 仅完成部分的 ReadProcessMemory 或 WriteProcessMemory 请求。 (0x12B)
[0903/141138:WARNING:pe_image_reader.cc(280)] could not read dos header from C:\windows\system32\apphelp.dll
[0903/141138:ERROR:process_reader_win.cc(232)] ReadMemory at 0x74ef0000 of 64 bytes failed: 仅完成部分的 ReadProcessMemory 或 WriteProcessMemory 请求。 (0x12B)
[0903/141138:WARNING:pe_image_reader.cc(280)] could not read dos header from C:\windows\SYSTEM32\msvcrt.dll
[0903/141138:ERROR:process_reader_win.cc(232)] ReadMemory at 0x74a20000 of 64 bytes failed: 仅完成部分的 ReadProcessMemory 或 WriteProcessMemory 请求。 (0x12B)
[0903/141138:WARNING:pe_image_reader.cc(280)] could not read dos header from C:\windows\SYSTEM32\bcryptPrimitives.dll
[0903/141138:ERROR:process_reader_win.cc(232)] ReadMemory at 0x74a80000 of 64 bytes failed: 仅完成部分的 ReadProcessMemory 或 WriteProcessMemory 请求。 (0x12B)
[0903/141138:WARNING:pe_image_reader.cc(280)] could not read dos header from C:\windows\SYSTEM32\CRYPTBASE.dll
[0903/141138:ERROR:process_reader_win.cc(232)] ReadMemory at 0x74a90000 of 64 bytes failed: 仅完成部分的 ReadProcessMemory 或 WriteProcessMemory 请求。 (0x12B)
[0903/141138:WARNING:pe_image_reader.cc(280)] could not read dos header from C:\windows\SYSTEM32\SspiCli.dll
[0903/141138:ERROR:process_reader_win.cc(232)] ReadMemory at 0x75e50000 of 64 bytes failed: 仅完成部分的 ReadProcessMemory 或 WriteProcessMemory 请求。 (0x12B)
[0903/141138:WARNING:pe_image_reader.cc(280)] could not read dos header from C:\windows\SYSTEM32\RPCRT4.dll
[0903/141138:ERROR:process_reader_win.cc(232)] ReadMemory at 0x75f00000 of 64 bytes failed: 仅完成部分的 ReadProcessMemory 或 WriteProcessMemory 请求。 (0x12B)
[0903/141138:WARNING:pe_image_reader.cc(280)] could not read dos header from C:\windows\SYSTEM32\sechost.dll
[0903/141138:ERROR:process_reader_win.cc(232)] ReadMemory at 0x75980000 of 64 bytes failed: 仅完成部分的 ReadProcessMemory 或 WriteProcessMemory 请求。 (0x12B)
[0903/141138:WARNING:pe_image_reader.cc(280)] could not read dos header from C:\windows\SYSTEM32\ADVAPI32.dll
[0903/141138:ERROR:process_reader_win.cc(232)] ReadMemory at 0x6e280000 of 64 bytes failed: 仅完成部分的 ReadProcessMemory 或 WriteProcessMemory 请求。 (0x12B)
[0903/141138:WARNING:pe_image_reader.cc(280)] could not read dos header from C:\Program Files (x86)\Google\Chrome\Application\51.0.2704.106\chrome_elf.dll
[0903/141138:ERROR:process_reader_win.cc(232)] ReadMemory at 0x748c0000 of 64 bytes failed: 仅完成部分的 ReadProcessMemory 或 WriteProcessMemory 请求。 (0x12B)
[0903/141138:WARNING:pe_image_reader.cc(280)] could not read dos header from C:\windows\SYSTEM32\VERSION.dll
[0903/141138:ERROR:process_reader_win.cc(232)] ReadMemory at 0x77680000 of 64 bytes failed: 仅完成部分的 ReadProcessMemory 或 WriteProcessMemory 请求。 (0x12B)
[0903/141138:WARNING:pe_image_reader.cc(280)] could not read dos header from C:\windows\SYSTEM32\cfgmgr32.dll
[0903/141138:ERROR:process_reader_win.cc(232)] ReadMemory at 0x741c0000 of 64 bytes failed: 仅完成部分的 ReadProcessMemory 或 WriteProcessMemory 请求。 (0x12B)
[0903/141138:WARNING:pe_image_reader.cc(280)] could not read dos header from C:\windows\SYSTEM32\DEVOBJ.dll
[0903/141138:ERROR:process_reader_win.cc(232)] ReadMemory at 0x741f0000 of 64 bytes failed: 仅完成部分的 ReadProcessMemory 或 WriteProcessMemory 请求。 (0x12B)
[0903/141138:WARNING:pe_image_reader.cc(280)] could not read dos header from C:\windows\SYSTEM32\WINMMBASE.dll
[0903/141138:ERROR:process_reader_win.cc(232)] ReadMemory at 0x760e0000 of 64 bytes failed: 仅完成部分的 ReadProcessMemory 或 WriteProcessMemory 请求。 (0x12B)
[0903/141138:WARNING:pe_image_reader.cc(280)] could not read dos header from C:\windows\SYSTEM32\GDI32.dll
[0903/141138:ERROR:process_reader_win.cc(232)] ReadMemory at 0x776c0000 of 64 bytes failed: 仅完成部分的 ReadProcessMemory 或 WriteProcessMemory 请求。 (0x12B)
[0903/141138:WARNING:pe_image_reader.cc(280)] could not read dos header from C:\windows\SYSTEM32\USER32.dll
[0903/141138:ERROR:process_reader_win.cc(232)] ReadMemory at 0x75a00000 of 64 bytes failed: 仅完成部分的 ReadProcessMemory 或 WriteProcessMemory 请求。 (0x12B)
[0903/141138:WARNING:pe_image_reader.cc(280)] could not read dos header from C:\windows\SYSTEM32\MSCTF.dll
[0903/141138:ERROR:process_reader_win.cc(232)] ReadMemory at 0x753c0000 of 64 bytes failed: 仅完成部分的 ReadProcessMemory 或 WriteProcessMemory 请求。 (0x12B)
[0903/141138:WARNING:pe_image_reader.cc(280)] could not read dos header from C:\windows\SYSTEM32\IMM32.DLL
[0903/141138:ERROR:process_reader_win.cc(232)] ReadMemory at 0x74220000 of 64 bytes failed: 仅完成部分的 ReadProcessMemory 或 WriteProcessMemory 请求。 (0x12B)
[0903/141138:WARNING:pe_image_reader.cc(280)] could not read dos header from C:\windows\SYSTEM32\WINMM.dll
[0903/141138:ERROR:process_reader_win.cc(232)] ReadMemory at 0x753b0000 of 64 bytes failed: 仅完成部分的 ReadProcessMemory 或 WriteProcessMemory 请求。 (0x12B)
[0903/141138:WARNING:pe_image_reader.cc(280)] could not read dos header from C:\windows\SYSTEM32\profapi.dll
[0903/141138:ERROR:process_reader_win.cc(232)] ReadMemory at 0x74960000 of 64 bytes failed: 仅完成部分的 ReadProcessMemory 或 WriteProcessMemory 请求。 (0x12B)
[0903/141138:WARNING:pe_image_reader.cc(280)] could not read dos header from C:\windows\SYSTEM32\USERENV.dll
[0903/141138:ERROR:process_reader_win.cc(232)] ReadMemory at 0x74760000 of 64 bytes failed: 仅完成部分的 ReadProcessMemory 或 WriteProcessMemory 请求。 (0x12B)
[0903/141138:WARNING:pe_image_reader.cc(280)] could not read dos header from C:\windows\SYSTEM32\WTSAPI32.dll
[0903/141138:ERROR:process_reader_win.cc(232)] ReadMemory at 0x738e0000 of 64 bytes failed: 仅完成部分的 ReadProcessMemory 或 WriteProcessMemory 请求。 (0x12B)
[0903/141138:WARNING:pe_image_reader.cc(280)] could not read dos header from C:\windows\SYSTEM32\WINHTTP.dll
[0903/141138:ERROR:process_reader_win.cc(232)] ReadMemory at 0x751f0000 of 64 bytes failed: 仅完成部分的 ReadProcessMemory 或 WriteProcessMemory 请求。 (0x12B)
[0903/141138:WARNING:pe_image_reader.cc(280)] could not read dos header from C:\windows\SYSTEM32\combase.dll
[0903/141138:ERROR:process_reader_win.cc(232)] ReadMemory at 0x74c30000 of 64 bytes failed: 仅完成部分的 ReadProcessMemory 或 WriteProcessMemory 请求。 (0x12B)
[0903/141138:WARNING:pe_image_reader.cc(280)] could not read dos header from C:\windows\SYSTEM32\shlwapi.dll
[0903/141138:ERROR:process_reader_win.cc(232)] ReadMemory at 0x74b10000 of 64 bytes failed: 仅完成部分的 ReadProcessMemory 或 WriteProcessMemory 请求。 (0x12B)
[0903/141138:WARNING:pe_image_reader.cc(280)] could not read dos header from C:\windows\SYSTEM32\kernel.appcore.dll
[0903/141138:ERROR:process_reader_win.cc(232)] ReadMemory at 0x75160000 of 64 bytes failed: 仅完成部分的 ReadProcessMemory 或 WriteProcessMemory 请求。 (0x12B)
[0903/141138:WARNING:pe_image_reader.cc(280)] could not read dos header from C:\windows\SYSTEM32\shcore.dll
[0903/141138:ERROR:process_reader_win.cc(232)] ReadMemory at 0x74c80000 of 64 bytes failed: 仅完成部分的 ReadProcessMemory 或 WriteProcessMemory 请求。 (0x12B)
[0903/141138:WARNING:pe_image_reader.cc(280)] could not read dos header from C:\windows\SYSTEM32\powrprof.dll
[0903/141138:ERROR:process_reader_win.cc(232)] ReadMemory at 0x754a0000 of 64 bytes failed: 仅完成部分的 ReadProcessMemory 或 WriteProcessMemory 请求。 (0x12B)
[0903/141138:WARNING:pe_image_reader.cc(280)] could not read dos header from C:\windows\SYSTEM32\windows.storage.dll
[0903/141138:ERROR:process_reader_win.cc(232)] ReadMemory at 0x76230000 of 64 bytes failed: 仅完成部分的 ReadProcessMemory 或 WriteProcessMemory 请求。 (0x12B)
[0903/141138:WARNING:pe_image_reader.cc(280)] could not read dos header from C:\windows\SYSTEM32\SHELL32.dll
[0903/141138:ERROR:process_reader_win.cc(232)] ReadMemory at 0x74b20000 of 64 bytes failed: 仅完成部分的 ReadProcessMemory 或 WriteProcessMemory 请求。 (0x12B)
[0903/141138:WARNING:pe_image_reader.cc(280)] could not read dos header from C:\windows\SYSTEM32\ole32.dll
[0903/141138:ERROR:process_reader_win.cc(232)] ReadMemory at 0x75db0000 of 64 bytes failed: 仅完成部分的 ReadProcessMemory 或 WriteProcessMemory 请求。 (0x12B)
[0903/141138:WARNING:pe_image_reader.cc(280)] could not read dos header from C:\windows\SYSTEM32\OLEAUT32.dll
[0903/141138:ERROR:process_reader_win.cc(232)] ReadMemory at 0x75b20000 of 64 bytes failed: 仅完成部分的 ReadProcessMemory 或 WriteProcessMemory 请求。 (0x12B)
[0903/141138:WARNING:pe_image_reader.cc(280)] could not read dos header from C:\windows\SYSTEM32\PSAPI.DLL
[0903/141138:ERROR:process_reader_win.cc(232)] ReadMemory at 0x74c20000 of 64 bytes failed: 仅完成部分的 ReadProcessMemory 或 WriteProcessMemory 请求。 (0x12B)
[0903/141138:WARNING:pe_image_reader.cc(280)] could not read dos header from C:\windows\SYSTEM32\NSI.dll
[0903/141138:ERROR:process_reader_win.cc(232)] ReadMemory at 0x74ab0000 of 64 bytes failed: 仅完成部分的 ReadProcessMemory 或 WriteProcessMemory 请求。 (0x12B)
[0903/141138:WARNING:pe_image_reader.cc(280)] could not read dos header from C:\windows\SYSTEM32\WS2_32.dll
[0903/141138:ERROR:process_reader_win.cc(232)] ReadMemory at 0x74800000 of 64 bytes failed: 仅完成部分的 ReadProcessMemory 或 WriteProcessMemory 请求。 (0x12B)
[0903/141138:WARNING:pe_image_reader.cc(280)] could not read dos header from C:\windows\SYSTEM32\bcrypt.dll
[0903/141138:ERROR:process_reader_win.cc(232)] ReadMemory at 0x74840000 of 64 bytes failed: 仅完成部分的 ReadProcessMemory 或 WriteProcessMemory 请求。 (0x12B)
[0903/141138:WARNING:pe_image_reader.cc(280)] could not read dos header from C:\windows\SYSTEM32\wkscli.dll
[0903/141138:ERROR:process_reader_win.cc(232)] ReadMemory at 0x74850000 of 64 bytes failed: 仅完成部分的 ReadProcessMemory 或 WriteProcessMemory 请求。 (0x12B)
[0903/141138:WARNING:pe_image_reader.cc(280)] could not read dos header from C:\windows\SYSTEM32\srvcli.dll
[0903/141138:ERROR:process_reader_win.cc(232)] ReadMemory at 0x74830000 of 64 bytes failed: 仅完成部分的 ReadProcessMemory 或 WriteProcessMemory 请求。 (0x12B)
[0903/141138:WARNING:pe_image_reader.cc(280)] could not read dos header from C:\windows\SYSTEM32\netutils.dll
[0903/141138:ERROR:process_reader_win.cc(232)] ReadMemory at 0x748a0000 of 64 bytes failed: 仅完成部分的 ReadProcessMemory 或 WriteProcessMemory 请求。 (0x12B)
[0903/141138:WARNING:pe_image_reader.cc(280)] could not read dos header from C:\windows\SYSTEM32\NETAPI32.dll
[0903/141138:ERROR:process_reader_win.cc(232)] ReadMemory at 0x60d50000 of 64 bytes failed: 仅完成部分的 ReadProcessMemory 或 WriteProcessMemory 请求。 (0x12B)
[0903/141138:WARNING:pe_image_reader.cc(280)] could not read dos header from C:\Program Files (x86)\360\360Safe\safemon\safemon.dll
[0903/141138:ERROR:process_reader_win.cc(232)] ReadMemory at 0x6da40000 of 64 bytes failed: 仅完成部分的 ReadProcessMemory 或 WriteProcessMemory 请求。 (0x12B)
[0903/141138:WARNING:pe_image_reader.cc(280)] could not read dos header from C:\Program Files (x86)\360\360Safe\safemon\iNetSafe.dll
[0903/141138:ERROR:process_reader_win.cc(232)] ReadMemory at 0x73440000 of 64 bytes failed: 仅完成部分的 ReadProcessMemory 或 WriteProcessMemory 请求。 (0x12B)
[0903/141138:WARNING:pe_image_reader.cc(280)] could not read dos header from C:\windows\SYSTEM32\WINSPOOL.DRV
[0903/141138:ERROR:process_reader_win.cc(232)] ReadMemory at 0x71630000 of 64 bytes failed: 仅完成部分的 ReadProcessMemory 或 WriteProcessMemory 请求。 (0x12B)
[0903/141138:WARNING:pe_image_reader.cc(280)] could not read dos header from C:\windows\WinSxS\x86_microsoft.windows.common-controls_6595b64144ccf1df_6.0.10240.16384_none_3bccb1ff6bcd1849\COMCTL32.dll
[0903/141138:ERROR:process_reader_win.cc(232)] ReadMemory at 0x75fb0000 of 64 bytes failed: 仅完成部分的 ReadProcessMemory 或 WriteProcessMemory 请求。 (0x12B)
[0903/141138:WARNING:pe_image_reader.cc(280)] could not read dos header from C:\windows\SYSTEM32\COMDLG32.dll
[0903/141138:ERROR:process_reader_win.cc(232)] ReadMemory at 0x74820000 of 64 bytes failed: 仅完成部分的 ReadProcessMemory 或 WriteProcessMemory 请求。 (0x12B)
[0903/141138:WARNING:pe_image_reader.cc(280)] could not read dos header from C:\windows\SYSTEM32\WINNSI.DLL
[0903/141138:ERROR:process_reader_win.cc(232)] ReadMemory at 0x74870000 of 64 bytes failed: 仅完成部分的 ReadProcessMemory 或 WriteProcessMemory 请求。 (0x12B)
[0903/141138:WARNING:pe_image_reader.cc(280)] could not read dos header from C:\windows\SYSTEM32\IPHLPAPI.DLL
[0903/141138:ERROR:process_reader_win.cc(232)] ReadMemory at 0x70150000 of 64 bytes failed: 仅完成部分的 ReadProcessMemory 或 WriteProcessMemory 请求。 (0x12B)
[0903/141138:WARNING:pe_image_reader.cc(280)] could not read dos header from C:\windows\SYSTEM32\USP10.dll
[0903/141138:ERROR:process_reader_win.cc(232)] ReadMemory at 0x76070000 of 64 bytes failed: 仅完成部分的 ReadProcessMemory 或 WriteProcessMemory 请求。 (0x12B)
[0903/141138:WARNING:pe_image_reader.cc(280)] could not read dos header from C:\windows\SYSTEM32\MSASN1.dll
[0903/141138:ERROR:process_reader_win.cc(232)] ReadMemory at 0x74cd0000 of 64 bytes failed: 仅完成部分的 ReadProcessMemory 或 WriteProcessMemory 请求。 (0x12B)
[0903/141138:WARNING:pe_image_reader.cc(280)] could not read dos header from C:\windows\SYSTEM32\CRYPT32.dll
[0903/141138:ERROR:process_reader_win.cc(232)] ReadMemory at 0x753f0000 of 64 bytes failed: 仅完成部分的 ReadProcessMemory 或 WriteProcessMemory 请求。 (0x12B)
[0903/141138:WARNING:pe_image_reader.cc(280)] could not read dos header from C:\windows\SYSTEM32\WINTRUST.dll
[0903/141138:ERROR:process_reader_win.cc(232)] ReadMemory at 0x74170000 of 64 bytes failed: 仅完成部分的 ReadProcessMemory 或 WriteProcessMemory 请求。 (0x12B)
[0903/141138:WARNING:pe_image_reader.cc(280)] could not read dos header from C:\windows\SYSTEM32\Secur32.dll
[0903/141138:ERROR:process_reader_win.cc(232)] ReadMemory at 0x5d6f0000 of 64 bytes failed: 仅完成部分的 ReadProcessMemory 或 WriteProcessMemory 请求。 (0x12B)
[0903/141138:WARNING:pe_image_reader.cc(280)] could not read dos header from C:\Program Files (x86)\Google\Chrome\Application\51.0.2704.106\chrome_child.dll
[0903/141138:ERROR:process_reader_win.cc(232)] ReadMemory at 0x6fa80000 of 64 bytes failed: 仅完成部分的 ReadProcessMemory 或 WriteProcessMemory 请求。 (0x12B)
[0903/141138:WARNING:pe_image_reader.cc(280)] could not read dos header from C:\windows\SYSTEM32\dwrite.dll
[0903/141138:ERROR:process_reader_win.cc(98)] process 7664 not found
[0903/141138:ERROR:process_reader_win.cc(232)] ReadMemory at 0x1e0000 of 64 bytes failed: 仅完成部分的 ReadProcessMemory 或 WriteProcessMemory 请求。 (0x12B)
[0903/141138:WARNING:pe_image_reader.cc(280)] could not read dos header from C:\Program Files (x86)\Google\Chrome\Application\chrome.exe
[0903/141138:ERROR:process_reader_win.cc(232)] ReadMemory at 0x77980000 of 64 bytes failed: 仅完成部分的 ReadProcessMemory 或 WriteProcessMemory 请求。 (0x12B)
[0903/141138:WARNING:pe_image_reader.cc(280)] could not read dos header from C:\windows\SYSTEM32\ntdll.dll
[0903/141138:ERROR:process_reader_win.cc(232)] ReadMemory at 0x77800000 of 64 bytes failed: 仅完成部分的 ReadProcessMemory 或 WriteProcessMemory 请求。 (0x12B)
[0903/141138:WARNING:pe_image_reader.cc(280)] could not read dos header from C:\windows\SYSTEM32\KERNELBASE.dll
[0903/141138:ERROR:process_reader_win.cc(232)] ReadMemory at 0x75cc0000 of 64 bytes failed: 仅完成部分的 ReadProcessMemory 或 WriteProcessMemory 请求。 (0x12B)
[0903/141138:WARNING:pe_image_reader.cc(280)] could not read dos header from C:\windows\SYSTEM32\KERNEL32.DLL
[0903/141138:ERROR:process_reader_win.cc(232)] ReadMemory at 0x6da80000 of 64 bytes failed: 仅完成部分的 ReadProcessMemory 或 WriteProcessMemory 请求。 (0x12B)
[0903/141138:WARNING:pe_image_reader.cc(280)] could not read dos header from C:\windows\system32\apphelp.dll
[0903/141138:ERROR:process_reader_win.cc(232)] ReadMemory at 0x74ef0000 of 64 bytes failed: 仅完成部分的 ReadProcessMemory 或 WriteProcessMemory 请求。 (0x12B)
[0903/141138:WARNING:pe_image_reader.cc(280)] could not read dos header from C:\windows\SYSTEM32\msvcrt.dll
[0903/141138:ERROR:process_reader_win.cc(232)] ReadMemory at 0x74a20000 of 64 bytes failed: 仅完成部分的 ReadProcessMemory 或 WriteProcessMemory 请求。 (0x12B)
[0903/141138:WARNING:pe_image_reader.cc(280)] could not read dos header from C:\windows\SYSTEM32\bcryptPrimitives.dll
[0903/141138:ERROR:process_reader_win.cc(232)] ReadMemory at 0x74a80000 of 64 bytes failed: 仅完成部分的 ReadProcessMemory 或 WriteProcessMemory 请求。 (0x12B)
[0903/141138:WARNING:pe_image_reader.cc(280)] could not read dos header from C:\windows\SYSTEM32\CRYPTBASE.dll
[0903/141138:ERROR:process_reader_win.cc(232)] ReadMemory at 0x74a90000 of 64 bytes failed: 仅完成部分的 ReadProcessMemory 或 WriteProcessMemory 请求。 (0x12B)
[0903/141138:WARNING:pe_image_reader.cc(280)] could not read dos header from C:\windows\SYSTEM32\SspiCli.dll
[0903/141138:ERROR:process_reader_win.cc(232)] ReadMemory at 0x75e50000 of 64 bytes failed: 仅完成部分的 ReadProcessMemory 或 WriteProcessMemory 请求。 (0x12B)
[0903/141138:WARNING:pe_image_reader.cc(280)] could not read dos header from C:\windows\SYSTEM32\RPCRT4.dll
[0903/141138:ERROR:process_reader_win.cc(232)] ReadMemory at 0x75f00000 of 64 bytes failed: 仅完成部分的 ReadProcessMemory 或 WriteProcessMemory 请求。 (0x12B)
[0903/141138:WARNING:pe_image_reader.cc(280)] could not read dos header from C:\windows\SYSTEM32\sechost.dll
[0903/141138:ERROR:process_reader_win.cc(232)] ReadMemory at 0x75980000 of 64 bytes failed: 仅完成部分的 ReadProcessMemory 或 WriteProcessMemory 请求。 (0x12B)
[0903/141138:WARNING:pe_image_reader.cc(280)] could not read dos header from C:\windows\SYSTEM32\ADVAPI32.dll
[0903/141138:ERROR:process_reader_win.cc(232)] ReadMemory at 0x6e280000 of 64 bytes failed: 仅完成部分的 ReadProcessMemory 或 WriteProcessMemory 请求。 (0x12B)
[0903/141138:WARNING:pe_image_reader.cc(280)] could not read dos header from C:\Program Files (x86)\Google\Chrome\Application\51.0.2704.106\chrome_elf.dll
[0903/141138:ERROR:process_reader_win.cc(232)] ReadMemory at 0x748c0000 of 64 bytes failed: 仅完成部分的 ReadProcessMemory 或 WriteProcessMemory 请求。 (0x12B)
[0903/141138:WARNING:pe_image_reader.cc(280)] could not read dos header from C:\windows\SYSTEM32\VERSION.dll
[0903/141138:ERROR:process_reader_win.cc(232)] ReadMemory at 0x77680000 of 64 bytes failed: 仅完成部分的 ReadProcessMemory 或 WriteProcessMemory 请求。 (0x12B)
[0903/141138:WARNING:pe_image_reader.cc(280)] could not read dos header from C:\windows\SYSTEM32\cfgmgr32.dll
[0903/141138:ERROR:process_reader_win.cc(232)] ReadMemory at 0x741c0000 of 64 bytes failed: 仅完成部分的 ReadProcessMemory 或 WriteProcessMemory 请求。 (0x12B)
[0903/141138:WARNING:pe_image_reader.cc(280)] could not read dos header from C:\windows\SYSTEM32\DEVOBJ.dll
[0903/141138:ERROR:process_reader_win.cc(232)] ReadMemory at 0x741f0000 of 64 bytes failed: 仅完成部分的 ReadProcessMemory 或 WriteProcessMemory 请求。 (0x12B)
[0903/141138:WARNING:pe_image_reader.cc(280)] could not read dos header from C:\windows\SYSTEM32\WINMMBASE.dll
[0903/141138:ERROR:process_reader_win.cc(232)] ReadMemory at 0x760e0000 of 64 bytes failed: 仅完成部分的 ReadProcessMemory 或 WriteProcessMemory 请求。 (0x12B)
[0903/141138:WARNING:pe_image_reader.cc(280)] could not read dos header from C:\windows\SYSTEM32\GDI32.dll
[0903/141138:ERROR:process_reader_win.cc(232)] ReadMemory at 0x776c0000 of 64 bytes failed: 仅完成部分的 ReadProcessMemory 或 WriteProcessMemory 请求。 (0x12B)
[0903/141138:WARNING:pe_image_reader.cc(280)] could not read dos header from C:\windows\SYSTEM32\USER32.dll
[0903/141138:ERROR:process_reader_win.cc(232)] ReadMemory at 0x75a00000 of 64 bytes failed: 仅完成部分的 ReadProcessMemory 或 WriteProcessMemory 请求。 (0x12B)
[0903/141138:WARNING:pe_image_reader.cc(280)] could not read dos header from C:\windows\SYSTEM32\MSCTF.dll
[0903/141138:ERROR:process_reader_win.cc(232)] ReadMemory at 0x753c0000 of 64 bytes failed: 仅完成部分的 ReadProcessMemory 或 WriteProcessMemory 请求。 (0x12B)
[0903/141138:WARNING:pe_image_reader.cc(280)] could not read dos header from C:\windows\SYSTEM32\IMM32.DLL
[0903/141138:ERROR:process_reader_win.cc(232)] ReadMemory at 0x74220000 of 64 bytes failed: 仅完成部分的 ReadProcessMemory 或 WriteProcessMemory 请求。 (0x12B)
[0903/141138:WARNING:pe_image_reader.cc(280)] could not read dos header from C:\windows\SYSTEM32\WINMM.dll
[0903/141138:ERROR:process_reader_win.cc(232)] ReadMemory at 0x753b0000 of 64 bytes failed: 仅完成部分的 ReadProcessMemory 或 WriteProcessMemory 请求。 (0x12B)
[0903/141138:WARNING:pe_image_reader.cc(280)] could not read dos header from C:\windows\SYSTEM32\profapi.dll
[0903/141138:ERROR:process_reader_win.cc(232)] ReadMemory at 0x74960000 of 64 bytes failed: 仅完成部分的 ReadProcessMemory 或 WriteProcessMemory 请求。 (0x12B)
[0903/141138:WARNING:pe_image_reader.cc(280)] could not read dos header from C:\windows\SYSTEM32\USERENV.dll
[0903/141138:ERROR:process_reader_win.cc(232)] ReadMemory at 0x74760000 of 64 bytes failed: 仅完成部分的 ReadProcessMemory 或 WriteProcessMemory 请求。 (0x12B)
[0903/141138:WARNING:pe_image_reader.cc(280)] could not read dos header from C:\windows\SYSTEM32\WTSAPI32.dll
[0903/141138:ERROR:process_reader_win.cc(232)] ReadMemory at 0x738e0000 of 64 bytes failed: 仅完成部分的 ReadProcessMemory 或 WriteProcessMemory 请求。 (0x12B)
[0903/141138:WARNING:pe_image_reader.cc(280)] could not read dos header from C:\windows\SYSTEM32\WINHTTP.dll
[0903/141138:ERROR:process_reader_win.cc(232)] ReadMemory at 0x751f0000 of 64 bytes failed: 仅完成部分的 ReadProcessMemory 或 WriteProcessMemory 请求。 (0x12B)
[0903/141138:WARNING:pe_image_reader.cc(280)] could not read dos header from C:\windows\SYSTEM32\combase.dll
[0903/141138:ERROR:process_reader_win.cc(232)] ReadMemory at 0x74c30000 of 64 bytes failed: 仅完成部分的 ReadProcessMemory 或 WriteProcessMemory 请求。 (0x12B)
[0903/141138:WARNING:pe_image_reader.cc(280)] could not read dos header from C:\windows\SYSTEM32\shlwapi.dll
[0903/141138:ERROR:process_reader_win.cc(232)] ReadMemory at 0x74b10000 of 64 bytes failed: 仅完成部分的 ReadProcessMemory 或 WriteProcessMemory 请求。 (0x12B)
[0903/141138:WARNING:pe_image_reader.cc(280)] could not read dos header from C:\windows\SYSTEM32\kernel.appcore.dll
[0903/141138:ERROR:process_reader_win.cc(232)] ReadMemory at 0x75160000 of 64 bytes failed: 仅完成部分的 ReadProcessMemory 或 WriteProcessMemory 请求。 (0x12B)
[0903/141138:WARNING:pe_image_reader.cc(280)] could not read dos header from C:\windows\SYSTEM32\shcore.dll
[0903/141138:ERROR:process_reader_win.cc(232)] ReadMemory at 0x74c80000 of 64 bytes failed: 仅完成部分的 ReadProcessMemory 或 WriteProcessMemory 请求。 (0x12B)
[0903/141138:WARNING:pe_image_reader.cc(280)] could not read dos header from C:\windows\SYSTEM32\powrprof.dll
[0903/141138:ERROR:process_reader_win.cc(232)] ReadMemory at 0x754a0000 of 64 bytes failed: 仅完成部分的 ReadProcessMemory 或 WriteProcessMemory 请求。 (0x12B)
[0903/141138:WARNING:pe_image_reader.cc(280)] could not read dos header from C:\windows\SYSTEM32\windows.storage.dll
[0903/141138:ERROR:process_reader_win.cc(232)] ReadMemory at 0x76230000 of 64 bytes failed: 仅完成部分的 ReadProcessMemory 或 WriteProcessMemory 请求。 (0x12B)
[0903/141138:WARNING:pe_image_reader.cc(280)] could not read dos header from C:\windows\SYSTEM32\SHELL32.dll
[0903/141138:ERROR:process_reader_win.cc(232)] ReadMemory at 0x74b20000 of 64 bytes failed: 仅完成部分的 ReadProcessMemory 或 WriteProcessMemory 请求。 (0x12B)
[0903/141138:WARNING:pe_image_reader.cc(280)] could not read dos header from C:\windows\SYSTEM32\ole32.dll
[0903/141138:ERROR:process_reader_win.cc(232)] ReadMemory at 0x75db0000 of 64 bytes failed: 仅完成部分的 ReadProcessMemory 或 WriteProcessMemory 请求。 (0x12B)
[0903/141138:WARNING:pe_image_reader.cc(280)] could not read dos header from C:\windows\SYSTEM32\OLEAUT32.dll
[0903/141138:ERROR:process_reader_win.cc(232)] ReadMemory at 0x75b20000 of 64 bytes failed: 仅完成部分的 ReadProcessMemory 或 WriteProcessMemory 请求。 (0x12B)
[0903/141138:WARNING:pe_image_reader.cc(280)] could not read dos header from C:\windows\SYSTEM32\PSAPI.DLL
[0903/141138:ERROR:process_reader_win.cc(232)] ReadMemory at 0x74c20000 of 64 bytes failed: 仅完成部分的 ReadProcessMemory 或 WriteProcessMemory 请求。 (0x12B)
[0903/141138:WARNING:pe_image_reader.cc(280)] could not read dos header from C:\windows\SYSTEM32\NSI.dll
[0903/141138:ERROR:process_reader_win.cc(232)] ReadMemory at 0x74ab0000 of 64 bytes failed: 仅完成部分的 ReadProcessMemory 或 WriteProcessMemory 请求。 (0x12B)
[0903/141138:WARNING:pe_image_reader.cc(280)] could not read dos header from C:\windows\SYSTEM32\WS2_32.dll
[0903/141138:ERROR:process_reader_win.cc(232)] ReadMemory at 0x74800000 of 64 bytes failed: 仅完成部分的 ReadProcessMemory 或 WriteProcessMemory 请求。 (0x12B)
[0903/141138:WARNING:pe_image_reader.cc(280)] could not read dos header from C:\windows\SYSTEM32\bcrypt.dll
[0903/141138:ERROR:process_reader_win.cc(232)] ReadMemory at 0x74840000 of 64 bytes failed: 仅完成部分的 ReadProcessMemory 或 WriteProcessMemory 请求。 (0x12B)
[0903/141138:WARNING:pe_image_reader.cc(280)] could not read dos header from C:\windows\SYSTEM32\wkscli.dll
[0903/141138:ERROR:process_reader_win.cc(232)] ReadMemory at 0x74850000 of 64 bytes failed: 仅完成部分的 ReadProcessMemory 或 WriteProcessMemory 请求。 (0x12B)
[0903/141138:WARNING:pe_image_reader.cc(280)] could not read dos header from C:\windows\SYSTEM32\srvcli.dll
[0903/141138:ERROR:process_reader_win.cc(232)] ReadMemory at 0x74830000 of 64 bytes failed: 仅完成部分的 ReadProcessMemory 或 WriteProcessMemory 请求。 (0x12B)
[0903/141138:WARNING:pe_image_reader.cc(280)] could not read dos header from C:\windows\SYSTEM32\netutils.dll
[0903/141138:ERROR:process_reader_win.cc(232)] ReadMemory at 0x748a0000 of 64 bytes failed: 仅完成部分的 ReadProcessMemory 或 WriteProcessMemory 请求。 (0x12B)
[0903/141138:WARNING:pe_image_reader.cc(280)] could not read dos header from C:\windows\SYSTEM32\NETAPI32.dll
[0903/141138:ERROR:process_reader_win.cc(232)] ReadMemory at 0x60d50000 of 64 bytes failed: 仅完成部分的 ReadProcessMemory 或 WriteProcessMemory 请求。 (0x12B)
[0903/141138:WARNING:pe_image_reader.cc(280)] could not read dos header from C:\Program Files (x86)\360\360Safe\safemon\safemon.dll
[0903/141138:ERROR:process_reader_win.cc(232)] ReadMemory at 0x6da40000 of 64 bytes failed: 仅完成部分的 ReadProcessMemory 或 WriteProcessMemory 请求。 (0x12B)
[0903/141138:WARNING:pe_image_reader.cc(280)] could not read dos header from C:\Program Files (x86)\360\360Safe\safemon\iNetSafe.dll
[0903/141138:ERROR:process_reader_win.cc(232)] ReadMemory at 0x73440000 of 64 bytes failed: 仅完成部分的 ReadProcessMemory 或 WriteProcessMemory 请求。 (0x12B)
[0903/141138:WARNING:pe_image_reader.cc(280)] could not read dos header from C:\windows\SYSTEM32\WINSPOOL.DRV
[0903/141138:ERROR:process_reader_win.cc(232)] ReadMemory at 0x71630000 of 64 bytes failed: 仅完成部分的 ReadProcessMemory 或 WriteProcessMemory 请求。 (0x12B)
[0903/141138:WARNING:pe_image_reader.cc(280)] could not read dos header from C:\windows\WinSxS\x86_microsoft.windows.common-controls_6595b64144ccf1df_6.0.10240.16384_none_3bccb1ff6bcd1849\COMCTL32.dll
[0903/141138:ERROR:process_reader_win.cc(232)] ReadMemory at 0x75fb0000 of 64 bytes failed: 仅完成部分的 ReadProcessMemory 或 WriteProcessMemory 请求。 (0x12B)
[0903/141138:WARNING:pe_image_reader.cc(280)] could not read dos header from C:\windows\SYSTEM32\COMDLG32.dll
[0903/141138:ERROR:process_reader_win.cc(232)] ReadMemory at 0x74820000 of 64 bytes failed: 仅完成部分的 ReadProcessMemory 或 WriteProcessMemory 请求。 (0x12B)
[0903/141138:WARNING:pe_image_reader.cc(280)] could not read dos header from C:\windows\SYSTEM32\WINNSI.DLL
[0903/141138:ERROR:process_reader_win.cc(232)] ReadMemory at 0x74870000 of 64 bytes failed: 仅完成部分的 ReadProcessMemory 或 WriteProcessMemory 请求。 (0x12B)
[0903/141138:WARNING:pe_image_reader.cc(280)] could not read dos header from C:\windows\SYSTEM32\IPHLPAPI.DLL
[0903/141138:ERROR:process_reader_win.cc(232)] ReadMemory at 0x70150000 of 64 bytes failed: 仅完成部分的 ReadProcessMemory 或 WriteProcessMemory 请求。 (0x12B)
[0903/141138:WARNING:pe_image_reader.cc(280)] could not read dos header from C:\windows\SYSTEM32\USP10.dll
[0903/141138:ERROR:process_reader_win.cc(232)] ReadMemory at 0x76070000 of 64 bytes failed: 仅完成部分的 ReadProcessMemory 或 WriteProcessMemory 请求。 (0x12B)
[0903/141138:WARNING:pe_image_reader.cc(280)] could not read dos header from C:\windows\SYSTEM32\MSASN1.dll
[0903/141138:ERROR:process_reader_win.cc(232)] ReadMemory at 0x74cd0000 of 64 bytes failed: 仅完成部分的 ReadProcessMemory 或 WriteProcessMemory 请求。 (0x12B)
[0903/141138:WARNING:pe_image_reader.cc(280)] could not read dos header from C:\windows\SYSTEM32\CRYPT32.dll
[0903/141138:ERROR:process_reader_win.cc(232)] ReadMemory at 0x753f0000 of 64 bytes failed: 仅完成部分的 ReadProcessMemory 或 WriteProcessMemory 请求。 (0x12B)
[0903/141138:WARNING:pe_image_reader.cc(280)] could not read dos header from C:\windows\SYSTEM32\WINTRUST.dll
[0903/141138:ERROR:process_reader_win.cc(232)] ReadMemory at 0x74170000 of 64 bytes failed: 仅完成部分的 ReadProcessMemory 或 WriteProcessMemory 请求。 (0x12B)
[0903/141138:WARNING:pe_image_reader.cc(280)] could not read dos header from C:\windows\SYSTEM32\Secur32.dll
[0903/141138:ERROR:process_reader_win.cc(232)] ReadMemory at 0x5d6f0000 of 64 bytes failed: 仅完成部分的 ReadProcessMemory 或 WriteProcessMemory 请求。 (0x12B)
[0903/141138:WARNING:pe_image_reader.cc(280)] could not read dos header from C:\Program Files (x86)\Google\Chrome\Application\51.0.2704.106\chrome_child.dll
[0903/141138:ERROR:process_reader_win.cc(232)] ReadMemory at 0x6fa80000 of 64 bytes failed: 仅完成部分的 ReadProcessMemory 或 WriteProcessMemory 请求。 (0x12B)
[0903/141138:WARNING:pe_image_reader.cc(280)] could not read dos header from C:\windows\SYSTEM32\dwrite.dll
[0903/141138:ERROR:process_reader_win.cc(232)] ReadMemory at 0x29c374 of 12 bytes failed: 仅完成部分的 ReadProcessMemory 或 WriteProcessMemory 请求。 (0x12B)
[0903/141138:WARNING:process_snapshot_win.cc(102)] ReadMemory ExceptionInformation failed
[0903/141138:WARNING:crash_report_exception_handler.cc(60)] ProcessSnapshotWin::InitializeException failed
[0903/141138:ERROR:scoped_process_suspend.cc(38)] NtResumeProcess, ntstatus=-1073741558
